System.ArgumentException: Input string was not in a correct format.Couldn't store <未录入> in zh Column.  Expected type is Int32. ---> System.FormatException: Input string was not in a correct format.
   at System.Number.StringToNumber(String str, NumberStyles options, NumberBuffer& number, NumberFormatInfo info, Boolean parseDecimal)
   at System.Number.ParseInt32(String s, NumberStyles style, NumberFormatInfo info)
   at System.String.System.IConvertible.ToInt32(IFormatProvider provider)
   at System.Data.Common.Int32Storage.Set(Int32 record, Object value)
   at System.Data.DataColumn.set_Item(Int32 record, Object value)
   --- End of inner exception stack trace ---
   at System.Data.DataColumn.set_Item(Int32 record, Object value)
   at System.Data.DataRow.set_Item(DataColumn column, Object value)
   at ExamReport.DataTableExtension.LanguageTrans(DataTable dt) in D:\project\ExamReporterL\ExamReporterL\ExamReport\DataTableExtension.cs:line 83
   at ExamReport.mainform.TotalGrid_Load() in D:\project\ExamReporterL\ExamReporterL\ExamReport\MainRadForm.cs:line 68
   at ExamReport.mainform..ctor() in D:\project\ExamReporterL\ExamReporterL\ExamReport\MainRadForm.cs:line 23
   at ExamReport.Program.Main() in D:\project\ExamReporterL\ExamReporterL\ExamReport\Program.cs:line 21
   at System.AppDomain._nExecuteAssembly(RuntimeAssembly assembly, String[] args)
   at System.AppDomain.ExecuteAssembly(String assemblyFile, Evidence assemblySecurity, String[] args)
   at Microsoft.VisualStudio.HostingProcess.HostProc.RunUsersAssembly()
   at System.Threading.ThreadHelper.ThreadStart_Context(Object state)
   at System.Threading.ExecutionContext.Run(ExecutionContext executionContext, ContextCallback callback, Object state, Boolean ignoreSyncCtx)
   at System.Threading.ExecutionContext.Run(ExecutionContext executionContext, ContextCallback callback, Object state)
   at System.Threading.ThreadHelper.ThreadStart()