MySql.Data.MySqlClient.MySqlException (0x80004005): Access denied for user 'root'@'133.133.133.107' (using password: YES)
   在 MySql.Data.MySqlClient.MySqlStream.OpenPacket()
   在 MySql.Data.MySqlClient.NativeDriver.Authenticate411()
   在 MySql.Data.MySqlClient.NativeDriver.Authenticate()
   在 MySql.Data.MySqlClient.NativeDriver.Open()
   在 MySql.Data.MySqlClient.Driver.Create(MySqlConnectionStringBuilder settings)
   在 MySql.Data.MySqlClient.MySqlPool.CreateNewPooledConnection()
   在 MySql.Data.MySqlClient.MySqlPool.GetPooledConnection()
   在 MySql.Data.MySqlClient.MySqlPool.GetConnection()
   在 MySql.Data.MySqlClient.MySqlConnection.Open()
   在 ExamReport.MySqlHelper.PrepareCommand(MySqlCommand cmd, MySqlConnection conn, MySqlTransaction trans, CommandType cmdType, String cmdText, MySqlParameter[] cmdParms) 位置 D:\project\ExamReporterL\ExamReporterL\ExamReport\MySqlHelper.cs:行号 268
   在 ExamReport.MySqlHelper.ExecuteNonQuery(String connectionString, CommandType cmdType, String cmdText, MySqlParameter[] commandParameters) 位置 D:\project\ExamReporterL\ExamReporterL\ExamReport\MySqlHelper.cs:行号 51
   在 ExamReport.mainform.DBCheck() 位置 D:\project\ExamReporterL\ExamReporterL\ExamReport\MainRadForm.cs:行号 158
   在 ExamReport.mainform.Grid_load() 位置 D:\project\ExamReporterL\ExamReporterL\ExamReport\MainRadForm.cs:行号 164
   在 ExamReport.mainform..ctor() 位置 D:\project\ExamReporterL\ExamReporterL\ExamReport\MainRadForm.cs:行号 40
   在 ExamReport.Program.Main() 位置 D:\project\ExamReporterL\ExamReporterL\ExamReport\Program.cs:行号 21
   在 System.AppDomain._nExecuteAssembly(RuntimeAssembly assembly, String[] args)
   在 System.AppDomain.ExecuteAssembly(String assemblyFile, Evidence assemblySecurity, String[] args)
   在 Microsoft.VisualStudio.HostingProcess.HostProc.RunUsersAssembly()
   在 System.Threading.ThreadHelper.ThreadStart_Context(Object state)
   在 System.Threading.ExecutionContext.RunInternal(ExecutionContext executionContext, ContextCallback callback, Object state, Boolean preserveSyncCtx)
   在 System.Threading.ExecutionContext.Run(ExecutionContext executionContext, ContextCallback callback, Object state, Boolean preserveSyncCtx)
   在 System.Threading.ExecutionContext.Run(ExecutionContext executionContext, ContextCallback callback, Object state)
   在 System.Threading.ThreadHelper.ThreadStart()